[message]    1
[message]    1.1
[string]     1.1.1     xln_NSyef1U.P
[uint32]     1.1.2     6
[uint32]     1.1.3     4
[uint32]     1.2       1
[string]     1.14      AbNbjn4tlBj4mKx4WMEWQ8LSw5Iiox6S0/3wZ9zkkmJuXAYcnTh6IA8aw6GFJ4sbo7NjcjUUmqzv
[message]    2
[uint32]     2.1       17
[string]     2.2       com.google.android.videos
[uint32]     2.3       439204627
[string]     2.4       0Eb8XR_DzQ5XxURAl81USQ
[message]    2.7
[string]     2.7.1     skuDetailsTokens
[string]     2.7.5     AEuhp4JDLiFZ-qZZbt6suMXgMLA5s4JOof_e1J1b0BIM0IR39-bLwRK5obITSGCymcyK
[message]    2.7
[string]     2.7.1     playBillingLibraryVersion
[string]     2.7.2     7.0.0
[message]    2.7
[string]     2.7.1     enablePendingPurchases
[uint32]     2.7.3     1
[uint32]     2.8       1
[string]     2.9       com.android.vending
[uint32]     2.10      0
[uint32]     2.11      1
[message]    2.15
[message]    2.15.1
[uint32]     2.15.1.1  1
[uint32]     2.18      439204627
[string]     5         CoIHOgV6aC1DTkACSMalkChShwYaAjMzIgVjb3JhbCigCzDgFz1zeAZERTX-BkRKE2NvbS5hbmRyb2lkLnZlbmRpbmdSCDg0MTUzMDMwWh00MS41LjMwLTMxIFswXSBbUFJdIDY0NDUyODU4OGKoBAqTAQgAON6U4K-7ovKxNkoFY29yYWxSBWNvcmFsWgpQaXhlbCA0IFhMYgZHb29nbGVqQmdvb2dsZS9jb3JhbC9jb3JhbDoxMy9UUDFBLjIyMTAwNS4wMDIuQjIvOTM4MjMzNTp1c2VyL3JlbGVhc2Uta2V5c3oCMTOqAQZnb29nbGWyAQ45OTA2MUZGQkEwMDY0OMABABKPAwqJAQoTY29tLmFuZHJvaWQudmVuZGluZxIIODQxNTMwMzAYnojMhYYyIICY9fvoIypaL2RhdGEvYXBwL35-dnUxMnRIcmZwVTROZW9zcm85M1pmUT09L2NvbS5hbmRyb2lkLnZlbmRpbmctWFhHR1ljVFQ4S1plcFZabXYxeXRqdz09L2Jhc2UuYXBrGA8ggOjdDTgBQAFKA3pob1IgZmU4MDo6NTQzNjozMGZmOmZlYjQ6ZmRmZSVkdW1teTBSHmZlODA6OmU2ZTQ6YTE1ODpmODM6YzAyZSV3bGFuMFIOMTkyLjE2OC4xMjAuNzlSJ2ZlODA6OmEyYzM6MWRjNzplZWVlOjMxOWQlcl9ybW5ldF9kYXRhMFIdZmU4MDo6MjAwMjo3MzU6ZjVhNzpkNTA4JXR1bjBSCjE3Mi4xOS4wLjFaC3poX0NOXyNIYW5zkgECemiaAQJDTqgBt_rICLIBEuS4reWbveagh-WHhuaXtumXtLgBAsABAMgBANABANgBAOABUeoBBgigCxCMF3IVYW0tYW5kcm9pZC10ZWxzdHJhLWF1eAGAAQGqAQEHsAECuAG0w80CwAHw52rIAQDgAbAEkAIBmAK3-sgIogIS5Lit5Zu95qCH5YeG5pe26Ze0uALelOCvu6LysTbAAgHYAgHYAgLgAgHqAgkyNDIzMzUwMziiAwpQaXhlbCA0IFhMWhQtNjgzNjk0ODY3OTE0MzIzMTMxMGgAmgEXeW91Y2h1YW5nMjQwM0BnbWFpbC5jb22aARRudXlvYWgyNDAzQGdtYWlsLmNvbboBHiocCgwI94qC-A8Q94qC-A8SDAj169f_DxD169f_DxKFAQp7aHR0cHM6Ly9wbGF5LmFwcC5nb28uZ2wvP2xpbms9aHR0cCUzQSUyRiUyRnVudXNlZC5nb29nbGUuY29tJmFwbj1jb20uYW5kcm9pZC52ZW5kaW5nJmFsPWdvb2dsZS1vcmNoZXN0cmF0aW9uJTNBJTJGJTJGcmV0dXJuGAEgAiADKAE=
[message]    8
[uint32]     8.1       1
[uint32]     8.2       0
[uint32]     8.3       0
[uint32]     8.4       0
[uint32]     8.5       1
[uint32]     8.6       0
[uint32]     8.8       0
[uint32]     8.9       0
[uint32]     8.10      0
[uint32]     8.11      0
[message]    8.18
[string]     8.18.1    adca
[string]     8.18.2    true
[uint32]     8.20      1
[message]    8.26
[uint64]     8.26.1    18446744073693517776
[uint64]     8.26.2    18446744073693517776
[uint64]     8.26.3    18446744073693517776
[uint64]     8.26.4    18446744073693517776
[uint64]     8.26.5    18446744073693517776
[uint32]     8.36      2
[string]     19        HQdxMKR3tPsX-qcrwxT8L6Gmab8
[string]     20        youchuang2403@gmail.com#ChMKDXhsbl9OU3llZjFVLlAQBhgEGAEiTEFiTmJqbjR0bEJqNG1LeDRXTUVXUThMU3c1SWlveDZTMC8zd1o5emtrbUp1WEFZY25UaDZJQThhdzZHRko0c2JvN05qY2pVVW1xenY=#simId=HQdxMKR3tPsX-qcrwxT8L6Gmab8#clientTheme=2#fingerprintValid=false#desiredAuthMethod=0#authFrequency=0#userHasFop=false#callingAppPackageName=com.google.android.videos#enablePendingPurchases=true
[string]     22        nonce=IBnxvTrQYu2HF7CwSwe2xlha05hE1OwWI2he_XkFc0FPKU8i9uUthjAqnssz3YbzZSQVUcVarpONYBhnNpxVninOE9ahMdDAC9_tLXlO2SEnf96_atJZyhM7jdKb1vfM58luup5SAbHgqc3D8y0yXN3NIVxwEOaJylUWEOxbUYpKthN9A4t67sx8b_7Eb-mR6TWO7OXoFrkr2gAVvKXHfAm5DZChfJ9vTEu8oyn5uzLwx1p8ZNYqPPKciI8BK5JzlZdOEW6IxBp6qQ0345YnqL3lFOEVJzKbv70Gtk3SIGT48TL_wKusQGKSdZdp7zwzyjHlQL-1OUl8VPtv_8bxPw
[uint32]     25        2
[message]    31
[uint32]     31.1      1719820620
[uint32]     31.2      14713000